<?xml version="1.0" encoding="UTF-8"?>
<!-- Generated by org.testng.reporters.JUnitXMLReporter -->
<testsuite ignored="0" hostname="AMALITECH-PC-668" failures="2" tests="7" name="Surefire test" time="1.041" errors="0" timestamp="2025-06-20T13:54:40 GMT">
  <testcase classname="com.elitekaycy.testlabs.DemoTest" name="sample" time="0.008"/>
  <testcase classname="com.elitekaycy.testlabs.labs.MockTest" name="testGetUserSuccess" time="0.048"/>
  <testcase classname="com.elitekaycy.testlabs.labs.MockTest" name="testGetUserWithWrongEmailThrowsException" time="0.0">
    <failure type="org.testng.TestException" message="
Method MockTest.testGetUserWithWrongEmailThrowsException()[pri:0, instance:com.elitekaycy.testlabs.labs.MockTest@3b938003] should have thrown an exception of type class java.lang.IllegalArgumentException">
      <![CDATA[org.testng.TestException: 
Method MockTest.testGetUserWithWrongEmailThrowsException()[pri:0, instance:com.elitekaycy.testlabs.labs.MockTest@3b938003] should have thrown an exception of type class java.lang.IllegalArgumentException
at java.base/java.util.ArrayList.forEach(ArrayList.java:1511)
... Removed 30 stack frames]]>
    </failure>
  </testcase> <!-- testGetUserWithWrongEmailThrowsException -->
  <testcase classname="com.elitekaycy.testlabs.labs.MockTest" name="testGetUserWithWrongNameThrowsException" time="0.002">
    <failure type="org.testng.TestException" message="
Method MockTest.testGetUserWithWrongNameThrowsException()[pri:0, instance:com.elitekaycy.testlabs.labs.MockTest@3b938003] should have thrown an exception of type class java.lang.IllegalArgumentException">
      <![CDATA[org.testng.TestException: 
Method MockTest.testGetUserWithWrongNameThrowsException()[pri:0, instance:com.elitekaycy.testlabs.labs.MockTest@3b938003] should have thrown an exception of type class java.lang.IllegalArgumentException
at java.base/java.util.ArrayList.forEach(ArrayList.java:1511)
... Removed 30 stack frames]]>
    </failure>
  </testcase> <!-- testGetUserWithWrongNameThrowsException -->
  <testcase classname="com.elitekaycy.testlabs.labs.QuickSortTest" name="test_quicksort_with_data_providers" time="0.0"/>
  <testcase classname="com.elitekaycy.testlabs.labs.QuickSortTest" name="test_quicksort_with_data_providers" time="0.0"/>
  <testcase classname="com.elitekaycy.testlabs.labs.QuickSortTest" name="unit_test_quicksort" time="0.002"/>
</testsuite> <!-- Surefire test -->
