<?xml version="1.0" encoding="UTF-8"?>
<testsuite xmlns:xsi="http://www.w3.org/2001/XMLSchema-instance" xsi:noNamespaceSchemaLocation="https://maven.apache.org/surefire/maven-surefire-plugin/xsd/surefire-test-report-3.0.xsd" version="3.0" name="TestSuite" time="1.548" tests="7" errors="0" skipped="0" failures="2">
  <properties>
[...]
</properties>
  <testcase name="sample" classname="com.elitekaycy.testlabs.DemoTest" time="0.003">
    <system-out><![CDATA[jacob adiaba
]]></system-out>
    <system-err><![CDATA[SLF4J: Failed to load class "org.slf4j.impl.StaticLoggerBinder".
SLF4J: Defaulting to no-operation (NOP) logger implementation
SLF4J: See http://www.slf4j.org/codes.html#StaticLoggerBinder for further details.
]]></system-err>
  </testcase>
  <testcase name="testGetUserSuccess" classname="com.elitekaycy.testlabs.labs.MockTest" time="0.047">
    <system-out><![CDATA[>>> Setup before test
>>> UserService#getUser called with: jacob
]]></system-out>
  </testcase>
  <testcase name="testGetUserWithWrongEmailThrowsException" classname="com.elitekaycy.testlabs.labs.MockTest" time="0.004">
    <failure message="&#10;Method MockTest.testGetUserWithWrongEmailThrowsException()[pri:0, instance:com.elitekaycy.testlabs.labs.MockTest@3b938003] should have thrown an exception of type class java.lang.IllegalArgumentException" type="org.testng.TestException"><![CDATA[org.testng.TestException: 

Method MockTest.testGetUserWithWrongEmailThrowsException()[pri:0, instance:com.elitekaycy.testlabs.labs.MockTest@3b938003] should have thrown an exception of type class java.lang.IllegalArgumentException
]]></failure>
    <system-out><![CDATA[<<< Cleanup after test
>>> Setup before test
>>> UserService#getUser called with: jacob
]]></system-out>
  </testcase>
  <testcase name="testGetUserWithWrongNameThrowsException" classname="com.elitekaycy.testlabs.labs.MockTest" time="0.002">
    <failure message="&#10;Method MockTest.testGetUserWithWrongNameThrowsException()[pri:0, instance:com.elitekaycy.testlabs.labs.MockTest@3b938003] should have thrown an exception of type class java.lang.IllegalArgumentException" type="org.testng.TestException"><![CDATA[org.testng.TestException: 

Method MockTest.testGetUserWithWrongNameThrowsException()[pri:0, instance:com.elitekaycy.testlabs.labs.MockTest@3b938003] should have thrown an exception of type class java.lang.IllegalArgumentException
]]></failure>
    <system-out><![CDATA[<<< Cleanup after test
>>> Setup before test
>>> UserService#getUser called with: jacob
]]></system-out>
  </testcase>
  <testcase name="test_quicksort_with_data_providers[[I@1ad777f](1)" classname="com.elitekaycy.testlabs.labs.QuickSortTest" time="0.002">
    <system-out><![CDATA[<<< Cleanup after test
]]></system-out>
  </testcase>
  <testcase name="test_quicksort_with_data_providers[[I@25230246](2)" classname="com.elitekaycy.testlabs.labs.QuickSortTest" time="0"/>
  <testcase name="unit_test_quicksort" classname="com.elitekaycy.testlabs.labs.QuickSortTest" time="0"/>
</testsuite>